app/build/intermediates/manifest_merge_blame_file/debug/manifest-merger-blame-debug-report.txt
1<?xml version="1.0" encoding="utf-8"?>
2<manifest xmlns:android="http://schemas.android.com/apk/res/android"
3    package="com.example.i_need_to_travel_more"
4    android:versionCode="1"
5    android:versionName="1.0" >
6
7    <uses-sdk
8        android:minSdkVersion="26"
8-->src\main\AndroidManifest.xml
9        android:targetSdkVersion="28" />
9-->src\main\AndroidManifest.xml
10
11    <!-- Required permission for App measurement to run. -->
12    <uses-permission android:name="android.permission.INTERNET" />
12-->[com.google.android.gms:play-services-measurement:17.2.0] AndroidManifest.xml:23:5-67
12-->[com.google.android.gms:play-services-measurement:17.2.0] AndroidManifest.xml:23:22-64
13    <uses-permission android:name="android.permission.ACCESS_NETWORK_STATE" />
13-->[com.google.android.gms:play-services-measurement:17.2.0] AndroidManifest.xml:24:5-79
13-->[com.google.android.gms:play-services-measurement:17.2.0] AndroidManifest.xml:24:22-76
14    <uses-permission android:name="android.permission.WAKE_LOCK" />
14-->[com.google.android.gms:play-services-measurement:17.2.0] AndroidManifest.xml:25:5-68
14-->[com.google.android.gms:play-services-measurement:17.2.0] AndroidManifest.xml:25:22-65
15    <uses-permission android:name="com.google.android.finsky.permission.BIND_GET_INSTALL_REFERRER_SERVICE" /> <!-- Required by older versions of Google Play services to create IID tokens -->
15-->[com.google.android.gms:play-services-measurement:17.2.0] AndroidManifest.xml:26:5-110
15-->[com.google.android.gms:play-services-measurement:17.2.0] AndroidManifest.xml:26:22-107
16    <uses-permission android:name="com.google.android.c2dm.permission.RECEIVE" />
16-->[com.google.firebase:firebase-iid:19.0.0] AndroidManifest.xml:26:5-82
16-->[com.google.firebase:firebase-iid:19.0.0] AndroidManifest.xml:26:22-79
17
18    <application
18-->src\main\AndroidManifest.xml:5:5-19:19
19        android:allowBackup="true"
19-->src\main\AndroidManifest.xml:6:9-35
20        android:appComponentFactory="androidx.core.app.CoreComponentFactory"
20-->[androidx.core:core:1.0.1] AndroidManifest.xml:22:18-86
21        android:debuggable="true"
22        android:icon="@mipmap/ic_launcher"
22-->src\main\AndroidManifest.xml:7:9-43
23        android:label="@string/app_name"
23-->src\main\AndroidManifest.xml:8:9-41
24        android:roundIcon="@mipmap/ic_launcher_round"
24-->src\main\AndroidManifest.xml:9:9-54
25        android:supportsRtl="true"
25-->src\main\AndroidManifest.xml:10:9-35
26        android:theme="@style/AppTheme" >
26-->src\main\AndroidManifest.xml:11:9-40
27        <activity android:name="com.example.i_need_to_travel_more.LoginActivity" >
27-->src\main\AndroidManifest.xml:12:9-18:20
27-->src\main\AndroidManifest.xml:12:19-48
28            <intent-filter>
28-->src\main\AndroidManifest.xml:13:13-17:29
29                <action android:name="android.intent.action.MAIN" />
29-->src\main\AndroidManifest.xml:14:17-69
29-->src\main\AndroidManifest.xml:14:25-66
30
31                <category android:name="android.intent.category.LAUNCHER" />
31-->src\main\AndroidManifest.xml:16:17-77
31-->src\main\AndroidManifest.xml:16:27-74
32            </intent-filter>
33        </activity>
34
35        <receiver
35-->[com.google.android.gms:play-services-measurement:17.2.0] AndroidManifest.xml:29:9-33:20
36            android:name="com.google.android.gms.measurement.AppMeasurementReceiver"
36-->[com.google.android.gms:play-services-measurement:17.2.0] AndroidManifest.xml:30:13-85
37            android:enabled="true"
37-->[com.google.android.gms:play-services-measurement:17.2.0] AndroidManifest.xml:31:13-35
38            android:exported="false" >
38-->[com.google.android.gms:play-services-measurement:17.2.0] AndroidManifest.xml:32:13-37
39        </receiver>
40        <receiver
40-->[com.google.android.gms:play-services-measurement:17.2.0] AndroidManifest.xml:34:9-42:20
41            android:name="com.google.android.gms.measurement.AppMeasurementInstallReferrerReceiver"
41-->[com.google.android.gms:play-services-measurement:17.2.0] AndroidManifest.xml:35:13-100
42            android:enabled="true"
42-->[com.google.android.gms:play-services-measurement:17.2.0] AndroidManifest.xml:36:13-35
43            android:exported="true"
43-->[com.google.android.gms:play-services-measurement:17.2.0] AndroidManifest.xml:37:13-36
44            android:permission="android.permission.INSTALL_PACKAGES" >
44-->[com.google.android.gms:play-services-measurement:17.2.0] AndroidManifest.xml:38:13-69
45            <intent-filter>
45-->[com.google.android.gms:play-services-measurement:17.2.0] AndroidManifest.xml:39:13-41:29
46                <action android:name="com.android.vending.INSTALL_REFERRER" />
46-->[com.google.android.gms:play-services-measurement:17.2.0] AndroidManifest.xml:40:17-79
46-->[com.google.android.gms:play-services-measurement:17.2.0] AndroidManifest.xml:40:25-76
47            </intent-filter>
48        </receiver>
49
50        <service
50-->[com.google.android.gms:play-services-measurement:17.2.0] AndroidManifest.xml:44:9-47:40
51            android:name="com.google.android.gms.measurement.AppMeasurementService"
51-->[com.google.android.gms:play-services-measurement:17.2.0] AndroidManifest.xml:45:13-84
52            android:enabled="true"
52-->[com.google.android.gms:play-services-measurement:17.2.0] AndroidManifest.xml:46:13-35
53            android:exported="false" />
53-->[com.google.android.gms:play-services-measurement:17.2.0] AndroidManifest.xml:47:13-37
54        <service
54-->[com.google.android.gms:play-services-measurement:17.2.0] AndroidManifest.xml:48:9-52:72
55            android:name="com.google.android.gms.measurement.AppMeasurementJobService"
55-->[com.google.android.gms:play-services-measurement:17.2.0] AndroidManifest.xml:49:13-87
56            android:enabled="true"
56-->[com.google.android.gms:play-services-measurement:17.2.0] AndroidManifest.xml:50:13-35
57            android:exported="false"
57-->[com.google.android.gms:play-services-measurement:17.2.0] AndroidManifest.xml:51:13-37
58            android:permission="android.permission.BIND_JOB_SERVICE" />
58-->[com.google.android.gms:play-services-measurement:17.2.0] AndroidManifest.xml:52:13-69
59        <service
59-->[com.google.android.gms:play-services-measurement-api:17.2.0] AndroidManifest.xml:27:9-33:19
60            android:name="com.google.firebase.components.ComponentDiscoveryService"
60-->[com.google.android.gms:play-services-measurement-api:17.2.0] AndroidManifest.xml:28:13-84
61            android:exported="false" >
61-->[com.google.android.gms:play-services-measurement-api:17.2.0] AndroidManifest.xml:29:13-37
62            <meta-data
62-->[com.google.android.gms:play-services-measurement-api:17.2.0] AndroidManifest.xml:30:13-32:85
63                android:name="com.google.firebase.components:com.google.firebase.analytics.connector.internal.AnalyticsConnectorRegistrar"
63-->[com.google.android.gms:play-services-measurement-api:17.2.0] AndroidManifest.xml:31:17-139
64                android:value="com.google.firebase.components.ComponentRegistrar" />
64-->[com.google.android.gms:play-services-measurement-api:17.2.0] AndroidManifest.xml:32:17-82
65            <meta-data
65-->[com.google.firebase:firebase-iid:19.0.0] AndroidManifest.xml:32:13-34:85
66                android:name="com.google.firebase.components:com.google.firebase.iid.Registrar"
66-->[com.google.firebase:firebase-iid:19.0.0] AndroidManifest.xml:33:17-96
67                android:value="com.google.firebase.components.ComponentRegistrar" />
67-->[com.google.firebase:firebase-iid:19.0.0] AndroidManifest.xml:34:17-82
68        </service>
69
70        <receiver
70-->[com.google.firebase:firebase-iid:19.0.0] AndroidManifest.xml:37:9-44:20
71            android:name="com.google.firebase.iid.FirebaseInstanceIdReceiver"
71-->[com.google.firebase:firebase-iid:19.0.0] AndroidManifest.xml:38:13-78
72            android:exported="true"
72-->[com.google.firebase:firebase-iid:19.0.0] AndroidManifest.xml:39:13-36
73            android:permission="com.google.android.c2dm.permission.SEND" >
73-->[com.google.firebase:firebase-iid:19.0.0] AndroidManifest.xml:40:13-73
74            <intent-filter>
74-->[com.google.firebase:firebase-iid:19.0.0] AndroidManifest.xml:41:13-43:29
75                <action android:name="com.google.android.c2dm.intent.RECEIVE" />
75-->[com.google.firebase:firebase-iid:19.0.0] AndroidManifest.xml:42:17-81
75-->[com.google.firebase:firebase-iid:19.0.0] AndroidManifest.xml:42:25-78
76            </intent-filter>
77        </receiver>
78
79        <provider
79-->[com.google.firebase:firebase-common:19.0.0] AndroidManifest.xml:12:9-16:39
80            android:name="com.google.firebase.provider.FirebaseInitProvider"
80-->[com.google.firebase:firebase-common:19.0.0] AndroidManifest.xml:13:13-77
81            android:authorities="com.example.i_need_to_travel_more.firebaseinitprovider"
81-->[com.google.firebase:firebase-common:19.0.0] AndroidManifest.xml:14:13-72
82            android:exported="false"
82-->[com.google.firebase:firebase-common:19.0.0] AndroidManifest.xml:15:13-37
83            android:initOrder="100" />
83-->[com.google.firebase:firebase-common:19.0.0] AndroidManifest.xml:16:13-36
84
85        <activity
85-->[com.google.android.gms:play-services-base:17.0.0] AndroidManifest.xml:23:9-26:75
86            android:name="com.google.android.gms.common.api.GoogleApiActivity"
86-->[com.google.android.gms:play-services-base:17.0.0] AndroidManifest.xml:24:13-79
87            android:exported="false"
87-->[com.google.android.gms:play-services-base:17.0.0] AndroidManifest.xml:25:13-37
88            android:theme="@android:style/Theme.Translucent.NoTitleBar" />
88-->[com.google.android.gms:play-services-base:17.0.0] AndroidManifest.xml:26:13-72
89
90        <meta-data
90-->[com.google.android.gms:play-services-basement:17.0.0] AndroidManifest.xml:23:9-25:69
91            android:name="com.google.android.gms.version"
91-->[com.google.android.gms:play-services-basement:17.0.0] AndroidManifest.xml:24:13-58
92            android:value="@integer/google_play_services_version" />
92-->[com.google.android.gms:play-services-basement:17.0.0] AndroidManifest.xml:25:13-66
93    </application>
94
95</manifest>